mode: atomic
github.com/tmc/langchaingo/memory/bufferMemory.go:13.92,15.16 2 2
github.com/tmc/langchaingo/memory/bufferMemory.go:15.16,17.3 1 0
github.com/tmc/langchaingo/memory/bufferMemory.go:19.2,22.16 3 2
github.com/tmc/langchaingo/memory/bufferMemory.go:22.16,24.3 1 0
github.com/tmc/langchaingo/memory/bufferMemory.go:26.2,28.12 2 2
github.com/tmc/langchaingo/memory/bufferMemory.go:31.94,32.22 1 5
github.com/tmc/langchaingo/memory/bufferMemory.go:32.22,36.3 1 2
github.com/tmc/langchaingo/memory/bufferMemory.go:38.2,40.8 1 3
github.com/tmc/langchaingo/memory/bufferMemory.go:43.37,55.2 2 3
github.com/tmc/langchaingo/memory/chatMemory.go:9.65,9.86 1 1
github.com/tmc/langchaingo/memory/chatMemory.go:10.56,12.2 1 2
github.com/tmc/langchaingo/memory/chatMemory.go:13.58,15.2 1 2
github.com/tmc/langchaingo/memory/chatMemory.go:17.81,22.33 2 5
github.com/tmc/langchaingo/memory/chatMemory.go:22.33,24.3 1 2
github.com/tmc/langchaingo/memory/chatMemory.go:26.2,26.10 1 5
github.com/tmc/langchaingo/memory/chatMemory.go:32.87,33.37 1 2
github.com/tmc/langchaingo/memory/chatMemory.go:33.37,35.3 1 2
github.com/tmc/langchaingo/memory/memory.go:17.78,18.20 1 4
github.com/tmc/langchaingo/memory/memory.go:18.20,20.10 2 0
github.com/tmc/langchaingo/memory/memory.go:20.10,22.4 1 0
github.com/tmc/langchaingo/memory/memory.go:24.3,24.72 1 0
github.com/tmc/langchaingo/memory/memory.go:27.2,27.27 1 4
github.com/tmc/langchaingo/memory/memory.go:27.27,28.42 1 4
github.com/tmc/langchaingo/memory/memory.go:28.42,30.4 1 4
github.com/tmc/langchaingo/memory/memory.go:33.2,33.27 1 0
github.com/tmc/langchaingo/memory/memory.go:33.27,35.3 1 0
github.com/tmc/langchaingo/memory/memory.go:37.2,37.140 1 0
github.com/tmc/langchaingo/memory/memory.go:40.116,41.36 1 4
github.com/tmc/langchaingo/memory/memory.go:42.14,43.20 1 4
github.com/tmc/langchaingo/memory/memory.go:44.10,45.160 1 0
github.com/tmc/langchaingo/memory/memory.go:49.90,52.37 2 3
github.com/tmc/langchaingo/memory/memory.go:52.37,55.40 2 4
github.com/tmc/langchaingo/memory/memory.go:56.29,58.9 2 2
github.com/tmc/langchaingo/memory/memory.go:59.32,61.9 2 2
github.com/tmc/langchaingo/memory/memory.go:62.11,63.28 1 0
github.com/tmc/langchaingo/memory/memory.go:67.3,67.94 1 4
github.com/tmc/langchaingo/memory/memory.go:70.2,70.46 1 3
github.com/tmc/langchaingo/memory/memory.go:75.76,75.105 1 0
github.com/tmc/langchaingo/memory/memory.go:76.76,76.90 1 0
github.com/tmc/langchaingo/memory/memory.go:78.35,80.2 1 0
github.com/tmc/langchaingo/outputParsers/commaSeperatedParser.go:11.61,13.2 1 1
github.com/tmc/langchaingo/outputParsers/commaSeperatedParser.go:15.72,17.2 1 0
github.com/tmc/langchaingo/outputParsers/commaSeperatedParser.go:19.73,21.35 2 3
github.com/tmc/langchaingo/outputParsers/commaSeperatedParser.go:21.35,23.3 1 8
github.com/tmc/langchaingo/outputParsers/commaSeperatedParser.go:25.2,25.20 1 3
github.com/tmc/langchaingo/outputParsers/commaSeperatedParser.go:28.111,30.2 1 0
github.com/tmc/langchaingo/outputParsers/emptyParser.go:8.60,8.73 1 0
github.com/tmc/langchaingo/outputParsers/emptyParser.go:9.60,9.80 1 0
github.com/tmc/langchaingo/outputParsers/emptyParser.go:10.98,12.2 1 0
github.com/tmc/langchaingo/outputParsers/emptyParser.go:14.47,16.2 1 0
github.com/tmc/langchaingo/outputParsers/outputParsers.go:15.47,17.2 1 0
github.com/tmc/langchaingo/outputParsers/structuredParser.go:16.97,23.46 3 1
github.com/tmc/langchaingo/outputParsers/structuredParser.go:23.46,26.3 2 1
github.com/tmc/langchaingo/outputParsers/structuredParser.go:28.2,30.10 2 1
github.com/tmc/langchaingo/outputParsers/structuredParser.go:33.64,35.2 1 1
github.com/tmc/langchaingo/outputParsers/structuredParser.go:37.65,39.31 2 1
github.com/tmc/langchaingo/outputParsers/structuredParser.go:39.31,41.3 1 0
github.com/tmc/langchaingo/outputParsers/structuredParser.go:43.2,44.29 2 1
github.com/tmc/langchaingo/outputParsers/structuredParser.go:44.29,46.3 1 0
github.com/tmc/langchaingo/outputParsers/structuredParser.go:48.2,52.16 4 1
github.com/tmc/langchaingo/outputParsers/structuredParser.go:52.16,54.3 1 0
github.com/tmc/langchaingo/outputParsers/structuredParser.go:56.2,57.33 2 1
github.com/tmc/langchaingo/outputParsers/structuredParser.go:57.33,58.42 1 1
github.com/tmc/langchaingo/outputParsers/structuredParser.go:58.42,60.4 1 0
github.com/tmc/langchaingo/outputParsers/structuredParser.go:63.2,63.28 1 1
github.com/tmc/langchaingo/outputParsers/structuredParser.go:63.28,65.3 1 0
github.com/tmc/langchaingo/outputParsers/structuredParser.go:67.2,67.20 1 1
github.com/tmc/langchaingo/outputParsers/structuredParser.go:70.103,72.2 1 0
github.com/tmc/langchaingo/vectorStores/pinecone/internal/pineconeClient/createIndex.go:20.37,31.16 3 0
github.com/tmc/langchaingo/vectorStores/pinecone/internal/pineconeClient/createIndex.go:31.16,33.3 1 0
github.com/tmc/langchaingo/vectorStores/pinecone/internal/pineconeClient/createIndex.go:35.2,35.23 1 0
github.com/tmc/langchaingo/vectorStores/pinecone/internal/pineconeClient/createIndex.go:35.23,37.3 1 0
github.com/tmc/langchaingo/vectorStores/pinecone/internal/pineconeClient/createIndex.go:39.2,39.23 1 0
github.com/tmc/langchaingo/vectorStores/pinecone/internal/pineconeClient/createIndex.go:39.23,41.3 1 0
github.com/tmc/langchaingo/vectorStores/pinecone/internal/pineconeClient/createIndex.go:43.2,44.16 2 0
github.com/tmc/langchaingo/vectorStores/pinecone/internal/pineconeClient/createIndex.go:44.16,46.3 1 0
github.com/tmc/langchaingo/vectorStores/pinecone/internal/pineconeClient/createIndex.go:48.2,48.88 1 0
github.com/tmc/langchaingo/vectorStores/pinecone/internal/pineconeClient/pineconeClient.go:26.51,36.33 2 0
github.com/tmc/langchaingo/vectorStores/pinecone/internal/pineconeClient/pineconeClient.go:36.33,38.3 1 0
github.com/tmc/langchaingo/vectorStores/pinecone/internal/pineconeClient/pineconeClient.go:41.2,41.20 1 0
github.com/tmc/langchaingo/vectorStores/pinecone/internal/pineconeClient/pineconeClient.go:41.20,43.3 1 0
github.com/tmc/langchaingo/vectorStores/pinecone/internal/pineconeClient/pineconeClient.go:45.2,45.25 1 0
github.com/tmc/langchaingo/vectorStores/pinecone/internal/pineconeClient/pineconeClient.go:45.25,47.3 1 0
github.com/tmc/langchaingo/vectorStores/pinecone/internal/pineconeClient/pineconeClient.go:49.2,49.27 1 0
github.com/tmc/langchaingo/vectorStores/pinecone/internal/pineconeClient/pineconeClient.go:49.27,51.3 1 0
github.com/tmc/langchaingo/vectorStores/pinecone/internal/pineconeClient/pineconeClient.go:54.2,56.16 3 0
github.com/tmc/langchaingo/vectorStores/pinecone/internal/pineconeClient/pineconeClient.go:56.16,58.3 1 0
github.com/tmc/langchaingo/vectorStores/pinecone/internal/pineconeClient/pineconeClient.go:61.2,61.23 1 0
github.com/tmc/langchaingo/vectorStores/pinecone/internal/pineconeClient/pineconeClient.go:61.23,65.3 3 0
github.com/tmc/langchaingo/vectorStores/pinecone/internal/pineconeClient/pineconeClient.go:67.2,68.16 2 0
github.com/tmc/langchaingo/vectorStores/pinecone/internal/pineconeClient/pineconeClient.go:68.16,69.28 1 0
github.com/tmc/langchaingo/vectorStores/pinecone/internal/pineconeClient/pineconeClient.go:69.28,71.4 1 0
github.com/tmc/langchaingo/vectorStores/pinecone/internal/pineconeClient/pineconeClient.go:73.3,73.16 1 0
github.com/tmc/langchaingo/vectorStores/pinecone/internal/pineconeClient/pineconeClient.go:76.2,76.15 1 0
github.com/tmc/langchaingo/vectorStores/pinecone/internal/pineconeClient/pineconeClient.go:85.42,87.16 2 0
github.com/tmc/langchaingo/vectorStores/pinecone/internal/pineconeClient/pineconeClient.go:87.16,89.3 1 0
github.com/tmc/langchaingo/vectorStores/pinecone/internal/pineconeClient/pineconeClient.go:91.2,94.16 3 0
github.com/tmc/langchaingo/vectorStores/pinecone/internal/pineconeClient/pineconeClient.go:94.16,96.3 1 0
github.com/tmc/langchaingo/vectorStores/pinecone/internal/pineconeClient/pineconeClient.go:97.2,103.34 5 0
github.com/tmc/langchaingo/vectorStores/pinecone/internal/pineconeClient/pineconeClient.go:106.38,109.2 2 0
github.com/tmc/langchaingo/vectorStores/pinecone/internal/pineconeClient/pineconeClient.go:114.45,115.25 1 0
github.com/tmc/langchaingo/vectorStores/pinecone/internal/pineconeClient/pineconeClient.go:115.25,117.3 1 0
github.com/tmc/langchaingo/vectorStores/pinecone/internal/pineconeClient/pineconeClient.go:121.55,122.25 1 0
github.com/tmc/langchaingo/vectorStores/pinecone/internal/pineconeClient/pineconeClient.go:122.25,124.3 1 0
github.com/tmc/langchaingo/vectorStores/pinecone/internal/pineconeClient/pineconeClient.go:128.55,129.25 1 0
github.com/tmc/langchaingo/vectorStores/pinecone/internal/pineconeClient/pineconeClient.go:129.25,131.3 1 0
github.com/tmc/langchaingo/vectorStores/pinecone/internal/pineconeClient/pineconeClient.go:135.46,136.25 1 0
github.com/tmc/langchaingo/vectorStores/pinecone/internal/pineconeClient/pineconeClient.go:136.25,138.3 1 0
github.com/tmc/langchaingo/vectorStores/pinecone/internal/pineconeClient/pineconeClient.go:142.41,143.25 1 0
github.com/tmc/langchaingo/vectorStores/pinecone/internal/pineconeClient/pineconeClient.go:143.25,145.3 1 0
github.com/tmc/langchaingo/vectorStores/pinecone/internal/pineconeClient/pineconeClient.go:149.47,150.25 1 0
github.com/tmc/langchaingo/vectorStores/pinecone/internal/pineconeClient/pineconeClient.go:150.25,152.3 1 0
github.com/tmc/langchaingo/vectorStores/pinecone/internal/pineconeClient/pineconeClient.go:156.52,157.25 1 0
github.com/tmc/langchaingo/vectorStores/pinecone/internal/pineconeClient/pineconeClient.go:157.25,159.3 1 0
github.com/tmc/langchaingo/vectorStores/pinecone/internal/pineconeClient/pineconeClient.go:171.45,172.25 1 0
github.com/tmc/langchaingo/vectorStores/pinecone/internal/pineconeClient/pineconeClient.go:172.25,174.3 1 0
github.com/tmc/langchaingo/vectorStores/pinecone/internal/pineconeClient/pineconeClient.go:178.46,179.25 1 0
github.com/tmc/langchaingo/vectorStores/pinecone/internal/pineconeClient/pineconeClient.go:179.25,181.3 1 0
github.com/tmc/langchaingo/vectorStores/pinecone/internal/pineconeClient/query.go:37.121,47.16 3 0
github.com/tmc/langchaingo/vectorStores/pinecone/internal/pineconeClient/query.go:47.16,49.3 1 0
github.com/tmc/langchaingo/vectorStores/pinecone/internal/pineconeClient/query.go:50.2,52.23 2 0
github.com/tmc/langchaingo/vectorStores/pinecone/internal/pineconeClient/query.go:52.23,54.3 1 0
github.com/tmc/langchaingo/vectorStores/pinecone/internal/pineconeClient/query.go:56.2,60.22 4 0
github.com/tmc/langchaingo/vectorStores/pinecone/internal/pineconeClient/query.go:63.98,65.16 2 0
github.com/tmc/langchaingo/vectorStores/pinecone/internal/pineconeClient/query.go:65.16,67.3 1 0
github.com/tmc/langchaingo/vectorStores/pinecone/internal/pineconeClient/query.go:68.2,71.16 3 0
github.com/tmc/langchaingo/vectorStores/pinecone/internal/pineconeClient/query.go:71.16,73.3 1 0
github.com/tmc/langchaingo/vectorStores/pinecone/internal/pineconeClient/query.go:75.2,80.16 5 0
github.com/tmc/langchaingo/vectorStores/pinecone/internal/pineconeClient/query.go:80.16,82.3 1 0
github.com/tmc/langchaingo/vectorStores/pinecone/internal/pineconeClient/query.go:84.2,84.34 1 0
github.com/tmc/langchaingo/vectorStores/pinecone/internal/pineconeClient/upsert.go:18.56,21.35 2 0
github.com/tmc/langchaingo/vectorStores/pinecone/internal/pineconeClient/upsert.go:21.35,27.3 1 0
github.com/tmc/langchaingo/vectorStores/pinecone/internal/pineconeClient/upsert.go:28.2,28.16 1 0
github.com/tmc/langchaingo/vectorStores/pinecone/internal/pineconeClient/upsert.go:47.75,49.16 2 0
github.com/tmc/langchaingo/vectorStores/pinecone/internal/pineconeClient/upsert.go:49.16,51.3 1 0
github.com/tmc/langchaingo/vectorStores/pinecone/internal/pineconeClient/upsert.go:53.2,53.62 1 0
github.com/tmc/langchaingo/vectorStores/pinecone/internal/pineconeClient/upsert.go:56.87,63.16 3 0
github.com/tmc/langchaingo/vectorStores/pinecone/internal/pineconeClient/upsert.go:63.16,65.3 1 0
github.com/tmc/langchaingo/vectorStores/pinecone/internal/pineconeClient/upsert.go:66.2,68.19 2 0
github.com/tmc/langchaingo/vectorStores/pinecone/internal/pineconeClient/upsert.go:68.19,70.3 1 0
github.com/tmc/langchaingo/vectorStores/pinecone/internal/pineconeClient/upsert.go:72.2,72.65 1 0
